# JRE version: OpenJDK Runtime Environment (11.0.12+7) (build 11.0.12+7-b1504.28-7817840)
# Java VM: OpenJDK 64-Bit Server VM (11.0.12+7-b1504.28-7817840, mixed mode, tiered, compressed oops, g1 gc, windows-amd64)
Heap:
 garbage-first heap   total 481280K, used 196451K [0x00000006e0000000, 0x0000000800000000)
  region size 1024K, 88 young (90112K), 22 survivors (22528K)
 Metaspace       used 111827K, capacity 115349K, committed 115524K, reserved 1148928K
  class space    used 14372K, capacity 15660K, committed 15768K, reserved 1048576K
GC Heap History (20 events):
Event: 2.791 GC heap before
{Heap before GC invocations=4 (full 0):
 garbage-first heap   total 262144K, used 34520K [0x00000006e0000000, 0x0000000800000000)
  region size 1024K, 26 young (26624K), 7 survivors (7168K)
 Metaspace       used 20606K, capacity 21095K, committed 21248K, reserved 1067008K
  class space    used 2508K, capacity 2701K, committed 2816K, reserved 1048576K
}
Event: 2.799 GC heap after
{Heap after GC invocations=5 (full 0):
 garbage-first heap   total 315392K, used 16857K [0x00000006e0000000, 0x0000000800000000)
  region size 1024K, 1 young (1024K), 1 survivors (1024K)
 Metaspace       used 20606K, capacity 21095K, committed 21248K, reserved 1067008K
  class space    used 2508K, capacity 2701K, committed 2816K, reserved 1048576K
}
Event: 3.604 GC heap before
{Heap before GC invocations=6 (full 0):
 garbage-first heap   total 315392K, used 89561K [0x00000006e0000000, 0x0000000800000000)
  region size 1024K, 63 young (64512K), 1 survivors (1024K)
 Metaspace       used 26669K, capacity 27473K, committed 27648K, reserved 1073152K
  class space    used 3513K, capacity 3807K, committed 3840K, reserved 1048576K
}
Event: 3.609 GC heap after
{Heap after GC invocations=7 (full 0):
 garbage-first heap   total 315392K, used 31539K [0x00000006e0000000, 0x0000000800000000)
  region size 1024K, 6 young (6144K), 6 survivors (6144K)
 Metaspace       used 26669K, capacity 27473K, committed 27648K, reserved 1073152K
  class space    used 3513K, capacity 3807K, committed 3840K, reserved 1048576K
}
Event: 4.384 GC heap before
{Heap before GC invocations=7 (full 0):
 garbage-first heap   total 315392K, used 86835K [0x00000006e0000000, 0x0000000800000000)
  region size 1024K, 61 young (62464K), 6 survivors (6144K)
 Metaspace       used 34747K, capacity 35754K, committed 35840K, reserved 1081344K
  class space    used 4558K, capacity 4928K, committed 4992K, reserved 1048576K
}
Event: 4.397 GC heap after
{Heap after GC invocations=8 (full 0):
 garbage-first heap   total 315392K, used 34696K [0x00000006e0000000, 0x0000000800000000)
  region size 1024K, 9 young (9216K), 9 survivors (9216K)
 Metaspace       used 34747K, capacity 35754K, committed 35840K, reserved 1081344K
  class space    used 4558K, capacity 4928K, committed 4992K, reserved 1048576K
}
Event: 5.754 GC heap before
{Heap before GC invocations=9 (full 0):
 garbage-first heap   total 315392K, used 160648K [0x00000006e0000000, 0x0000000800000000)
  region size 1024K, 130 young (133120K), 9 survivors (9216K)
 Metaspace       used 44587K, capacity 45838K, committed 45952K, reserved 1089536K
  class space    used 5834K, capacity 6262K, committed 6272K, reserved 1048576K
}
Event: 5.777 GC heap after
{Heap after GC invocations=10 (full 0):
 garbage-first heap   total 315392K, used 42043K [0x00000006e0000000, 0x0000000800000000)
  region size 1024K, 16 young (16384K), 16 survivors (16384K)
 Metaspace       used 44587K, capacity 45838K, committed 45952K, reserved 1089536K
  class space    used 5834K, capacity 6262K, committed 6272K, reserved 1048576K
}
Event: 7.431 GC heap before
{Heap before GC invocations=11 (full 0):
 garbage-first heap   total 315392K, used 218171K [0x00000006e0000000, 0x0000000800000000)
  region size 1024K, 184 young (188416K), 16 survivors (16384K)
 Metaspace       used 50505K, capacity 52043K, committed 52224K, reserved 1095680K
  class space    used 6393K, capacity 6888K, committed 6912K, reserved 1048576K
}
Event: 7.456 GC heap after
{Heap after GC invocations=12 (full 0):
 garbage-first heap   total 315392K, used 53150K [0x00000006e0000000, 0x0000000800000000)
  region size 1024K, 17 young (17408K), 17 survivors (17408K)
 Metaspace       used 50505K, capacity 52043K, committed 52224K, reserved 1095680K
  class space    used 6393K, capacity 6888K, committed 6912K, reserved 1048576K
}
Event: 9.712 GC heap before
{Heap before GC invocations=12 (full 0):
 garbage-first heap   total 315392K, used 231326K [0x00000006e0000000, 0x0000000800000000)
  region size 1024K, 184 young (188416K), 17 survivors (17408K)
 Metaspace       used 65227K, capacity 67275K, committed 67456K, reserved 1107968K
  class space    used 8355K, capacity 9010K, committed 9088K, reserved 1048576K
}
Event: 9.741 GC heap after
{Heap after GC invocations=13 (full 0):
 garbage-first heap   total 386048K, used 73170K [0x00000006e0000000, 0x0000000800000000)
  region size 1024K, 20 young (20480K), 20 survivors (20480K)
 Metaspace       used 65227K, capacity 67275K, committed 67456K, reserved 1107968K
  class space    used 8355K, capacity 9010K, committed 9088K, reserved 1048576K
}
Event: 11.054 GC heap before
{Heap before GC invocations=13 (full 0):
 garbage-first heap   total 386048K, used 192978K [0x00000006e0000000, 0x0000000800000000)
  region size 1024K, 138 young (141312K), 20 survivors (20480K)
 Metaspace       used 74392K, capacity 76478K, committed 76588K, reserved 1116160K
  class space    used 9641K, capacity 10336K, committed 10368K, reserved 1048576K
}
Event: 11.090 GC heap after
{Heap after GC invocations=14 (full 0):
 garbage-first heap   total 386048K, used 82944K [0x00000006e0000000, 0x0000000800000000)
  region size 1024K, 22 young (22528K), 22 survivors (22528K)
 Metaspace       used 74392K, capacity 76478K, committed 76588K, reserved 1116160K
  class space    used 9641K, capacity 10336K, committed 10368K, reserved 1048576K
}
Event: 14.092 GC heap before
{Heap before GC invocations=15 (full 0):
 garbage-first heap   total 386048K, used 301056K [0x00000006e0000000, 0x0000000800000000)
  region size 1024K, 225 young (230400K), 22 survivors (22528K)
 Metaspace       used 93170K, capacity 95855K, committed 95940K, reserved 1132544K
  class space    used 12105K, capacity 13020K, committed 13080K, reserved 1048576K
}
Event: 14.139 GC heap after
{Heap after GC invocations=16 (full 0):
 garbage-first heap   total 386048K, used 108484K [0x00000006e0000000, 0x0000000800000000)
  region size 1024K, 24 young (24576K), 24 survivors (24576K)
 Metaspace       used 93170K, capacity 95855K, committed 95940K, reserved 1132544K
  class space    used 12105K, capacity 13020K, committed 13080K, reserved 1048576K
}
Event: 16.343 GC heap before
{Heap before GC invocations=17 (full 0):
 garbage-first heap   total 386048K, used 293828K [0x00000006e0000000, 0x0000000800000000)
  region size 1024K, 206 young (210944K), 24 survivors (24576K)
 Metaspace       used 98223K, capacity 101046K, committed 101188K, reserved 1136640K
  class space    used 12659K, capacity 13689K, committed 13720K, reserved 1048576K
}
Event: 16.382 GC heap after
{Heap after GC invocations=18 (full 0):
 garbage-first heap   total 386048K, used 120163K [0x00000006e0000000, 0x0000000800000000)
  region size 1024K, 12 young (12288K), 12 survivors (12288K)
 Metaspace       used 98223K, capacity 101046K, committed 101188K, reserved 1136640K
  class space    used 12659K, capacity 13689K, committed 13720K, reserved 1048576K
}
Event: 24.803 GC heap before
{Heap before GC invocations=18 (full 0):
 garbage-first heap   total 386048K, used 301411K [0x00000006e0000000, 0x0000000800000000)
  region size 1024K, 190 young (194560K), 12 survivors (12288K)
 Metaspace       used 109031K, capacity 112205K, committed 112452K, reserved 1146880K
  class space    used 14058K, capacity 15233K, committed 15256K, reserved 1048576K
}
Event: 24.835 GC heap after
{Heap after GC invocations=19 (full 0):
 garbage-first heap   total 481280K, used 130915K [0x00000006e0000000, 0x0000000800000000)
  region size 1024K, 22 young (22528K), 22 survivors (22528K)
 Metaspace       used 109031K, capacity 112205K, committed 112452K, reserved 1146880K
  class space    used 14058K, capacity 15233K, committed 15256K, reserved 1048576K
}

